<?xml version="1.0" encoding="UTF-8"?>
<testng-results ignored="0" total="1" passed="1" failed="0" skipped="0">
  <reporter-output>
  </reporter-output>
  <suite started-at="2025-11-09T12:27:54 CET" name="Default suite" finished-at="2025-11-09T12:28:02 CET" duration-ms="8374">
    <groups>
    </groups>
    <test started-at="2025-11-09T12:27:54 CET" name="Default test" finished-at="2025-11-09T12:28:02 CET" duration-ms="8374">
      <class name="example.ExamTest">
        <test-method is-config="true" signature="setUp()[pri:0, instance:example.ExamTest@59402b8f]" started-at="2025-11-09T12:27:54 CET" name="setUp" finished-at="2025-11-09T12:27:57 CET" duration-ms="3036" status="PASS">
          <reporter-output>
          </reporter-output>
        </test-method> <!-- setUp -->
        <test-method signature="openGoogleTest()[pri:0, instance:example.ExamTest@59402b8f]" started-at="2025-11-09T12:27:57 CET" name="openGoogleTest" finished-at="2025-11-09T12:28:02 CET" duration-ms="5001" status="PASS">
          <reporter-output>
          </reporter-output>
        </test-method> <!-- openGoogleTest -->
        <test-method is-config="true" signature="tearDown()[pri:0, instance:example.ExamTest@59402b8f]" started-at="2025-11-09T12:28:02 CET" name="tearDown" finished-at="2025-11-09T12:28:02 CET" duration-ms="287" status="PASS">
          <reporter-output>
          </reporter-output>
        </test-method> <!-- tearDown -->
      </class> <!-- example.ExamTest -->
    </test> <!-- Default test -->
  </suite> <!-- Default suite -->
</testng-results>
